22/07/02 20:48:13 093 [debug]: 20:48:13
22/07/02 20:48:13 098 [debug]: 20:48:18
22/07/02 20:50:35 878 [debug]: 20:50:35
22/07/02 20:50:35 884 [debug]: 20:50:40
22/07/02 20:50:35 933 [info]: 20:50:40 에 작업이 예약되었습니다.
22/07/02 20:50:40 891 [debug]: 5초 후 예약된 작업이 수행되었습니다.
22/07/02 20:50:41 699 [debug]: 20:50:41
22/07/02 20:50:41 704 [debug]: 20:50:46
22/07/02 20:50:41 745 [info]: 20:50:46 에 작업이 예약되었습니다.
22/07/02 20:50:46 710 [debug]: 5초 후 예약된 작업이 수행되었습니다.
22/07/02 21:41:23 560 [info]: 예약작업이 설정되었습니다.
22/07/02 21:41:40 025 [debug]: [rule4] 매주 월~토 매 분 40초마다 실행
22/07/02 21:42:10 030 [debug]: [rule1] 매분 10초 마다 수행!!
22/07/02 21:42:40 011 [debug]: [rule4] 매주 월~토 매 분 40초마다 실행
22/07/02 21:44:03 098 [info]: 예약작업이 설정되었습니다.
22/07/02 21:44:10 022 [debug]: [rule1] 매분 10초 마다 수행!!
22/07/02 21:44:20 010 [debug]: [rule2] 매시간 44분 20초 마다 수행!!
22/07/02 21:45:04 352 [info]: 예약작업이 설정되었습니다.
22/07/02 21:45:10 014 [debug]: [rule1] 매분 10초 마다 수행!!
22/07/02 21:45:20 035 [debug]: [rule2] 매시간 45분 20초 마다 수행!!
22/07/02 21:45:30 017 [debug]: [rule3] 매일 21시 45분 30초 마다 수행!!
22/07/02 21:45:40 024 [debug]: [rule4] 매주 월~토 매 분 40초마다 실행
22/07/02 21:46:10 022 [debug]: [rule1] 매분 10초 마다 수행!!
