22/06/29 14:15:26 828 [debug]: --------------------------------------------------
22/06/29 14:15:26 837 [debug]: |              Start Express Server              |
22/06/29 14:15:26 839 [debug]: --------------------------------------------------
22/06/29 14:15:26 842 [debug]: server address => http://192.168.199.1:3001
22/06/29 14:15:26 844 [debug]: server address => http://192.168.233.1:3001
22/06/29 14:15:26 845 [debug]: server address => http://192.168.1.82:3001
22/06/29 14:15:26 847 [debug]: --------------------------------------------------
22/06/29 14:16:41 673 [debug]: 클라이언트가 접속했습니다.
22/06/29 14:16:41 679 [debug]: [client] ::1 / Windows 10.0 / Chrome (103.0.0.0) / Microsoft Windows
22/06/29 14:16:41 682 [debug]: [GET] http://localhost:3001/send_get?answer=3000&username=dfs&password=asdf&email=asdf@dfa
22/06/29 14:16:41 688 [debug]: [프론트엔드로부터 전달받은 GET 파라미터
22/06/29 14:16:41 690 [debug]: 	 >> answer=3000
22/06/29 14:16:41 691 [debug]: 	 >> username=dfs
22/06/29 14:16:41 692 [debug]: 	 >> password=asdf
22/06/29 14:16:41 695 [debug]: 	 >> email=asdf@dfa
22/06/29 14:16:41 706 [debug]: 클라이언트의 접속이 종료되었습니다. ::: [runtime] 27ms
22/06/29 14:16:41 707 [debug]: ---------------------------------------------
22/06/29 14:19:11 654 [debug]: 클라이언트가 접속했습니다.
22/06/29 14:19:11 655 [debug]: [client] ::1 / Windows 10.0 / Chrome (103.0.0.0) / Microsoft Windows
22/06/29 14:19:11 656 [debug]: [GET] http://localhost:3001/02_get_params_by_js.html
22/06/29 14:19:11 674 [debug]: 클라이언트의 접속이 종료되었습니다. ::: [runtime] 19ms
22/06/29 14:19:11 675 [debug]: ---------------------------------------------
22/06/29 14:19:14 487 [debug]: 클라이언트가 접속했습니다.
22/06/29 14:19:14 488 [debug]: [client] ::1 / Windows 10.0 / Chrome (103.0.0.0) / Microsoft Windows
22/06/29 14:19:14 490 [debug]: [GET] http://localhost:3001/send_get?answer=300
22/06/29 14:19:14 494 [debug]: [프론트엔드로부터 전달받은 GET 파라미터
22/06/29 14:19:14 495 [debug]: 	 >> answer=300
22/06/29 14:19:14 498 [debug]: 클라이언트의 접속이 종료되었습니다. ::: [runtime] 10ms
22/06/29 14:19:14 499 [debug]: ---------------------------------------------
22/06/29 14:19:36 951 [debug]: 클라이언트가 접속했습니다.
22/06/29 14:19:36 952 [debug]: [client] ::1 / Windows 10.0 / Chrome (103.0.0.0) / Microsoft Windows
22/06/29 14:19:36 953 [debug]: [GET] http://localhost:3001/한주애/25
22/06/29 14:19:36 959 [debug]: 클라이언트의 접속이 종료되었습니다. ::: [runtime] 7ms
22/06/29 14:19:36 961 [debug]: ---------------------------------------------
22/06/29 14:21:11 453 [debug]: 클라이언트가 접속했습니다.
22/06/29 14:21:11 454 [debug]: [client] ::1 / Windows 10.0 / Chrome (103.0.0.0) / Microsoft Windows
22/06/29 14:21:11 456 [debug]: [GET] http://localhost:3001/send_url/한주애/25
22/06/29 14:21:11 459 [debug]: [프론트엔드로부터 전달받은 URL 파라미터]
22/06/29 14:21:11 460 [debug]: 	 >> username=한주애
22/06/29 14:21:11 462 [debug]: 	 >> age=25
22/06/29 14:21:11 465 [debug]: 클라이언트의 접속이 종료되었습니다. ::: [runtime] 11ms
22/06/29 14:21:11 466 [debug]: ---------------------------------------------
22/06/29 14:21:54 734 [debug]: 클라이언트가 접속했습니다.
22/06/29 14:21:54 735 [debug]: [client] ::1 / Windows 10.0 / Chrome (103.0.0.0) / Microsoft Windows
22/06/29 14:21:54 737 [debug]: [GET] http://localhost:3001/02_get_params_by_form.html
22/06/29 14:21:54 741 [debug]: 클라이언트의 접속이 종료되었습니다. ::: [runtime] 6ms
22/06/29 14:21:54 742 [debug]: ---------------------------------------------
22/06/29 14:22:11 269 [debug]: 클라이언트가 접속했습니다.
22/06/29 14:22:11 270 [debug]: [client] ::1 / Windows 10.0 / Chrome (103.0.0.0) / Microsoft Windows
22/06/29 14:22:11 274 [debug]: [GET] http://localhost:3001/send_get?answer=300&username=한주애&password=wndo&email=imi@co.kr
22/06/29 14:22:11 277 [debug]: [프론트엔드로부터 전달받은 GET 파라미터
22/06/29 14:22:11 278 [debug]: 	 >> answer=300
22/06/29 14:22:11 279 [debug]: 	 >> username=한주애
22/06/29 14:22:11 280 [debug]: 	 >> password=wndo
22/06/29 14:22:11 281 [debug]: 	 >> email=imi@co.kr
22/06/29 14:22:11 284 [debug]: 클라이언트의 접속이 종료되었습니다. ::: [runtime] 14ms
22/06/29 14:22:11 285 [debug]: ---------------------------------------------
22/06/29 14:22:24 591 [debug]: 클라이언트가 접속했습니다.
22/06/29 14:22:24 593 [debug]: [client] ::1 / Windows 10.0 / Chrome (103.0.0.0) / Microsoft Windows
22/06/29 14:22:24 594 [debug]: [GET] http://localhost:3001/send_get?answer=300&username=한주애&password=wndo&email=imi@co.kr
22/06/29 14:22:24 597 [debug]: [프론트엔드로부터 전달받은 GET 파라미터
22/06/29 14:22:24 598 [debug]: 	 >> answer=300
22/06/29 14:22:24 599 [debug]: 	 >> username=한주애
22/06/29 14:22:24 599 [debug]: 	 >> password=wndo
22/06/29 14:22:24 600 [debug]: 	 >> email=imi@co.kr
22/06/29 14:22:24 602 [debug]: 클라이언트의 접속이 종료되었습니다. ::: [runtime] 10ms
22/06/29 14:22:24 603 [debug]: ---------------------------------------------
22/06/29 14:22:34 369 [debug]: 클라이언트가 접속했습니다.
22/06/29 14:22:34 370 [debug]: [client] ::1 / Windows 10.0 / Chrome (103.0.0.0) / Microsoft Windows
22/06/29 14:22:34 372 [debug]: [GET] http://localhost:3001/page100/
22/06/29 14:22:34 376 [debug]: 클라이언트의 접속이 종료되었습니다. ::: [runtime] 6ms
22/06/29 14:22:34 377 [debug]: ---------------------------------------------
22/06/29 14:22:47 344 [debug]: 클라이언트가 접속했습니다.
22/06/29 14:22:47 345 [debug]: [client] ::1 / Windows 10.0 / Chrome (103.0.0.0) / Microsoft Windows
22/06/29 14:22:47 346 [debug]: [GET] http://localhost:3001/02_get_params_by_link.html
22/06/29 14:22:47 349 [debug]: 클라이언트의 접속이 종료되었습니다. ::: [runtime] 4ms
22/06/29 14:22:47 350 [debug]: ---------------------------------------------
22/06/29 14:22:50 417 [debug]: 클라이언트가 접속했습니다.
22/06/29 14:22:50 419 [debug]: [client] ::1 / Windows 10.0 / Chrome (103.0.0.0) / Microsoft Windows
22/06/29 14:22:50 423 [debug]: [GET] http://localhost:3001/send_get?answer=300&language=javascript
22/06/29 14:22:50 425 [debug]: [프론트엔드로부터 전달받은 GET 파라미터
22/06/29 14:22:50 427 [debug]: 	 >> answer=300
22/06/29 14:22:50 428 [debug]: 	 >> language=javascript
22/06/29 14:22:50 430 [debug]: 클라이언트의 접속이 종료되었습니다. ::: [runtime] 12ms
22/06/29 14:22:50 431 [debug]: ---------------------------------------------
22/06/29 14:23:25 010 [debug]: --------------------------------------------------
22/06/29 14:23:25 018 [debug]: |              Start Express Server              |
22/06/29 14:23:25 024 [debug]: --------------------------------------------------
22/06/29 14:23:25 030 [debug]: server address => http://192.168.199.1:3001
22/06/29 14:23:25 032 [debug]: server address => http://192.168.233.1:3001
22/06/29 14:23:25 035 [debug]: server address => http://192.168.1.82:3001
22/06/29 14:23:25 036 [debug]: --------------------------------------------------
22/06/29 14:23:26 592 [debug]: 클라이언트가 접속했습니다.
22/06/29 14:23:26 594 [debug]: [client] ::1 / Windows 10.0 / Chrome (103.0.0.0) / Microsoft Windows
22/06/29 14:23:26 598 [debug]: [GET] http://localhost:3001/send_get?answer=300&language=javascript
22/06/29 14:23:26 607 [debug]: [프론트엔드로부터 전달받은 GET 파라미터
22/06/29 14:23:26 609 [debug]: 	 >> answer=300
22/06/29 14:23:26 610 [debug]: 	 >> language=javascript
22/06/29 14:23:26 623 [debug]: 클라이언트의 접속이 종료되었습니다. ::: [runtime] 29ms
22/06/29 14:23:26 625 [debug]: ---------------------------------------------
22/06/29 14:23:29 397 [debug]: 클라이언트가 접속했습니다.
22/06/29 14:23:29 399 [debug]: [client] ::1 / Windows 10.0 / Chrome (103.0.0.0) / Microsoft Windows
22/06/29 14:23:29 402 [debug]: [GET] http://localhost:3001/send_get?answer=500&position=backend
22/06/29 14:23:29 406 [debug]: [프론트엔드로부터 전달받은 GET 파라미터
22/06/29 14:23:29 407 [debug]: 	 >> answer=500
22/06/29 14:23:29 408 [debug]: 	 >> position=backend
22/06/29 14:23:29 411 [debug]: 클라이언트의 접속이 종료되었습니다. ::: [runtime] 12ms
22/06/29 14:23:29 412 [debug]: ---------------------------------------------
22/06/29 14:23:37 446 [debug]: 클라이언트가 접속했습니다.
22/06/29 14:23:37 447 [debug]: [client] ::1 / Windows 10.0 / Chrome (103.0.0.0) / Microsoft Windows
22/06/29 14:23:37 449 [debug]: [GET] http://localhost:3001/02_get_params_by_form.html
22/06/29 14:23:37 456 [debug]: 클라이언트의 접속이 종료되었습니다. ::: [runtime] 9ms
22/06/29 14:23:37 457 [debug]: ---------------------------------------------
22/06/29 14:23:49 401 [debug]: 클라이언트가 접속했습니다.
22/06/29 14:23:49 402 [debug]: [client] ::1 / Windows 10.0 / Chrome (103.0.0.0) / Microsoft Windows
22/06/29 14:23:49 404 [debug]: [GET] http://localhost:3001/send_get?answer=300&username=한주애&password=wndo0912&email=imi0912@naver.com
22/06/29 14:23:49 407 [debug]: [프론트엔드로부터 전달받은 GET 파라미터
22/06/29 14:23:49 408 [debug]: 	 >> answer=300
22/06/29 14:23:49 409 [debug]: 	 >> username=한주애
22/06/29 14:23:49 411 [debug]: 	 >> password=wndo0912
22/06/29 14:23:49 414 [debug]: 	 >> email=imi0912@naver.com
22/06/29 14:23:49 417 [debug]: 클라이언트의 접속이 종료되었습니다. ::: [runtime] 15ms
22/06/29 14:23:49 418 [debug]: ---------------------------------------------
22/06/29 14:24:01 442 [debug]: 클라이언트가 접속했습니다.
22/06/29 14:24:01 443 [debug]: [client] ::1 / Windows 10.0 / Chrome (103.0.0.0) / Microsoft Windows
22/06/29 14:24:01 445 [debug]: [GET] http://localhost:3001/02_get_params_by_js.html
22/06/29 14:24:01 447 [debug]: 클라이언트의 접속이 종료되었습니다. ::: [runtime] 4ms
22/06/29 14:24:01 448 [debug]: ---------------------------------------------
22/06/29 14:24:04 038 [debug]: 클라이언트가 접속했습니다.
22/06/29 14:24:04 039 [debug]: [client] ::1 / Windows 10.0 / Chrome (103.0.0.0) / Microsoft Windows
22/06/29 14:24:04 041 [debug]: [GET] http://localhost:3001/send_get?answer=400
22/06/29 14:24:04 044 [debug]: [프론트엔드로부터 전달받은 GET 파라미터
22/06/29 14:24:04 045 [debug]: 	 >> answer=400
22/06/29 14:24:04 048 [debug]: 클라이언트의 접속이 종료되었습니다. ::: [runtime] 9ms
22/06/29 14:24:04 049 [debug]: ---------------------------------------------
22/06/29 14:24:08 563 [debug]: 클라이언트가 접속했습니다.
22/06/29 14:24:08 564 [debug]: [client] ::1 / Windows 10.0 / Chrome (103.0.0.0) / Microsoft Windows
22/06/29 14:24:08 565 [debug]: [GET] http://localhost:3001/send_get?answer=300
22/06/29 14:24:08 567 [debug]: [프론트엔드로부터 전달받은 GET 파라미터
22/06/29 14:24:08 568 [debug]: 	 >> answer=300
22/06/29 14:24:08 571 [debug]: 클라이언트의 접속이 종료되었습니다. ::: [runtime] 7ms
22/06/29 14:24:08 573 [debug]: ---------------------------------------------
