22/06/27 13:16:14 940 [error]: error 메시지 입니다.
22/06/27 13:16:14 946 [warn]: warn 메시지 입니다.
22/06/27 13:16:14 947 [info]: info 메시지 입니다.
22/06/27 13:24:28 972 [info]: 13:24:33 에 작업이 예약되었습니다.
22/06/27 13:37:49 332 [info]: 예약작업이 설정되었습니다.
22/06/27 13:42:17 169 [info]: 예약작업이 설정되었습니다.
22/06/27 13:43:37 007 [info]: 예약작업이 설정되었습니다.
22/06/27 13:43:53 494 [info]: 13:43:58 에 작업이 예약되었습니다.
22/06/27 13:57:12 597 [error]: error 메시지 입니다.
22/06/27 13:57:12 601 [warn]: warn 메시지 입니다.
22/06/27 13:57:12 602 [info]: info 메시지 입니다.
22/06/27 13:57:57 072 [error]: error 메시지 입니다.
22/06/27 13:57:57 078 [warn]: warn 메시지 입니다.
22/06/27 13:57:57 079 [info]: info 메시지 입니다.
22/06/27 13:59:46 482 [error]: error 메세지 입니다.
22/06/27 13:59:46 488 [warn]: warn 메세지 입니다.
22/06/27 13:59:46 489 [info]: info 메세지 입니다.
22/06/27 14:02:14 935 [error]: error 메세지 입니다.
22/06/27 14:02:14 940 [warn]: warn 메세지 입니다.
22/06/27 14:02:14 940 [info]: info 메세지 입니다.
22/06/27 14:02:14 941 [debug]: debug 메세지 입니다.
22/06/27 14:02:14 943 [verbose]: verbose 메세지 입니다.
22/06/27 14:03:16 798 [error]: error 메세지 입니다.
22/06/27 14:03:16 802 [warn]: warn 메세지 입니다.
22/06/27 14:03:16 803 [info]: info 메세지 입니다.
22/06/27 14:03:24 054 [error]: error 메세지 입니다.
22/06/27 14:03:24 058 [warn]: warn 메세지 입니다.
22/06/27 14:03:24 059 [info]: info 메세지 입니다.
22/06/27 14:03:24 060 [debug]: debug 메세지 입니다.
22/06/27 14:03:24 062 [verbose]: verbose 메세지 입니다.
22/06/27 14:03:54 758 [debug]: 14:03:54
22/06/27 14:03:54 763 [debug]: 14:03:59
22/06/27 14:03:54 814 [info]: 14:03:59 에 작업이 예약되었습니다.
22/06/27 14:03:59 764 [debug]: 5초 후 예약된 작업이 수행되었습니다.
22/06/27 14:04:10 595 [info]: 예약작업이 설정되었습니다.
22/06/27 14:04:41 839 [info]: 예약작업이 설정되었습니다.
22/06/27 14:05:10 015 [debug]: [rule1] 매분 10초 마다 수행!!
22/06/27 14:05:20 034 [debug]: [rule2] 매시간 5분 20초 마다 수행!!
22/06/27 14:05:37 379 [info]: 예약작업이 설정되었습니다.
22/06/27 14:06:00 020 [debug]: 2분마다 수행
22/06/27 14:06:00 031 [debug]: 1분에 한번씩 수행
