22/06/27 10:45:45 726 [error]: error 메시지 입니다(1수준)
22/06/27 10:45:45 731 [warn]: warn 메시지 입니다(2수준)
22/06/27 10:45:45 732 [info]: info 메시지 입니다(3수준)
22/06/27 10:45:45 733 [verbose]: verbose 메시지 입니다(4수준)
22/06/27 10:45:45 734 [debug]: debug 메시지 입니다(5수준)
22/06/27 12:23:13 431 [error]: error 메시지 입니다(1수준)
22/06/27 12:23:13 437 [warn]: warn 메시지 입니다(2수준)
22/06/27 12:23:13 438 [info]: info 메시지 입니다(3수준)
22/06/27 12:23:13 439 [verbose]: verbose 메시지 입니다(4수준)
22/06/27 12:23:13 440 [debug]: debug 메시지 입니다(5수준)
22/06/27 13:15:17 203 [error]: error 메시지 입니다(1수준)
22/06/27 13:15:17 206 [warn]: warn 메시지 입니다(2수준)
22/06/27 13:15:17 207 [info]: info 메시지 입니다(3수준)
22/06/27 13:15:17 209 [verbose]: verbose 메시지 입니다(4수준)
22/06/27 13:15:17 209 [debug]: debug 메시지 입니다(5수준)
22/06/27 14:00:49 117 [error]: error 메시지 입니다(1수준)
22/06/27 14:00:49 123 [warn]: warn 메시지 입니다(2수준)
22/06/27 14:00:49 125 [info]: info 메시지 입니다(3수준)
22/06/27 14:00:49 126 [verbose]: verbose 메시지 입니다(4수준)
22/06/27 14:00:49 127 [debug]: debug 메시지 입니다(5수준)
